c:\users\robyn\downloads\mariogec\mariogec\mariogec\mariogec\mariogec\debug\vc142.pdb
c:\users\robyn\downloads\mariogec\mariogec\mariogec\mariogec\mariogec\debug\vc142.idb
c:\users\robyn\downloads\mariogec\mariogec\mariogec\mariogec\mariogec\debug\texture2d.obj
c:\users\robyn\downloads\mariogec\mariogec\mariogec\mariogec\mariogec\debug\textrenderer.obj
c:\users\robyn\downloads\mariogec\mariogec\mariogec\mariogec\mariogec\debug\source.obj
c:\users\robyn\downloads\mariogec\mariogec\mariogec\mariogec\mariogec\debug\powblock.obj
c:\users\robyn\downloads\mariogec\mariogec\mariogec\mariogec\mariogec\debug\levelmap.obj
c:\users\robyn\downloads\mariogec\mariogec\mariogec\mariogec\mariogec\debug\gamescreentitle.obj
c:\users\robyn\downloads\mariogec\mariogec\mariogec\mariogec\mariogec\debug\gamescreenmanager.obj
c:\users\robyn\downloads\mariogec\mariogec\mariogec\mariogec\mariogec\debug\gamescreenlevel2.obj
c:\users\robyn\downloads\mariogec\mariogec\mariogec\mariogec\mariogec\debug\gamescreenlevel1.obj
c:\users\robyn\downloads\mariogec\mariogec\mariogec\mariogec\mariogec\debug\gamescreendeath.obj
c:\users\robyn\downloads\mariogec\mariogec\mariogec\mariogec\mariogec\debug\gamescreen.obj
c:\users\robyn\downloads\mariogec\mariogec\mariogec\mariogec\mariogec\debug\collisions.obj
c:\users\robyn\downloads\mariogec\mariogec\mariogec\mariogec\mariogec\debug\coin.obj
c:\users\robyn\downloads\mariogec\mariogec\mariogec\mariogec\mariogec\debug\charactermario.obj
c:\users\robyn\downloads\mariogec\mariogec\mariogec\mariogec\mariogec\debug\characterluigi.obj
c:\users\robyn\downloads\mariogec\mariogec\mariogec\mariogec\mariogec\debug\characterkoopa.obj
c:\users\robyn\downloads\mariogec\mariogec\mariogec\mariogec\mariogec\debug\character.obj
c:\users\robyn\downloads\mariogec\mariogec\mariogec\mariogec\debug\mariogec.exe
c:\users\robyn\downloads\mariogec\mariogec\mariogec\mariogec\mariogec\debug\mariogec.ilk
c:\users\robyn\downloads\mariogec\mariogec\mariogec\mariogec\debug\mariogec.pdb
c:\users\robyn\downloads\mariogec\mariogec\mariogec\mariogec\mariogec\debug\mariogec.tlog\cl.command.1.tlog
c:\users\robyn\downloads\mariogec\mariogec\mariogec\mariogec\mariogec\debug\mariogec.tlog\cl.read.1.tlog
c:\users\robyn\downloads\mariogec\mariogec\mariogec\mariogec\mariogec\debug\mariogec.tlog\cl.write.1.tlog
c:\users\robyn\downloads\mariogec\mariogec\mariogec\mariogec\mariogec\debug\mariogec.tlog\link.command.1.tlog
c:\users\robyn\downloads\mariogec\mariogec\mariogec\mariogec\mariogec\debug\mariogec.tlog\link.read.1.tlog
c:\users\robyn\downloads\mariogec\mariogec\mariogec\mariogec\mariogec\debug\mariogec.tlog\link.write.1.tlog
