  GameScreenLevel1.cpp
C:\Users\b019105l\Documents\GitHub\mario\marioGEC\marioGEC\GameScreen.h(4,10): warning C4067: unexpected tokens following preprocessor directive - expected a newline
C:\Users\b019105l\Documents\GitHub\mario\marioGEC\marioGEC\Character.h(46,118): warning C4244: 'argument': conversion from 'int' to 'float', possible loss of data
C:\Users\b019105l\Documents\GitHub\mario\marioGEC\marioGEC\Character.h(46,92): warning C4244: 'argument': conversion from 'int' to 'float', possible loss of data
C:\Users\b019105l\Documents\GitHub\mario\marioGEC\marioGEC\CharacterKoopa.h(24,117): warning C4244: 'argument': conversion from 'int' to 'float', possible loss of data
C:\Users\b019105l\Documents\GitHub\mario\marioGEC\marioGEC\CharacterKoopa.h(24,91): warning C4244: 'argument': conversion from 'int' to 'float', possible loss of data
C:\Users\b019105l\Documents\GitHub\mario\marioGEC\marioGEC\CharacterMario.h(21,118): warning C4244: 'argument': conversion from 'int' to 'float', possible loss of data
C:\Users\b019105l\Documents\GitHub\mario\marioGEC\marioGEC\CharacterMario.h(21,92): warning C4244: 'argument': conversion from 'int' to 'float', possible loss of data
C:\Users\b019105l\Documents\GitHub\mario\marioGEC\marioGEC\CharacterLuigi.h(21,117): warning C4244: 'argument': conversion from 'int' to 'float', possible loss of data
C:\Users\b019105l\Documents\GitHub\mario\marioGEC\marioGEC\CharacterLuigi.h(21,91): warning C4244: 'argument': conversion from 'int' to 'float', possible loss of data
C:\Users\b019105l\Documents\GitHub\mario\marioGEC\marioGEC\Coin.h(20,117): warning C4244: 'argument': conversion from 'int' to 'float', possible loss of data
C:\Users\b019105l\Documents\GitHub\mario\marioGEC\marioGEC\Coin.h(20,91): warning C4244: 'argument': conversion from 'int' to 'float', possible loss of data
C:\Users\b019105l\Documents\GitHub\mario\marioGEC\marioGEC\PowBlock.h(24,118): warning C4244: 'argument': conversion from 'int' to 'float', possible loss of data
C:\Users\b019105l\Documents\GitHub\mario\marioGEC\marioGEC\PowBlock.h(24,92): warning C4244: 'argument': conversion from 'int' to 'float', possible loss of data
C:\Users\b019105l\Documents\GitHub\mario\marioGEC\marioGEC\GameScreenLevel1.cpp(34,20): warning C4018: '<': signed/unsigned mismatch
C:\Users\b019105l\Documents\GitHub\mario\marioGEC\marioGEC\GameScreenLevel1.cpp(37,20): warning C4018: '<': signed/unsigned mismatch
C:\Users\b019105l\Documents\GitHub\mario\marioGEC\marioGEC\GameScreenLevel1.cpp(323,22): warning C4244: '=': conversion from 'int' to 'float', possible loss of data
C:\Users\b019105l\Documents\GitHub\mario\marioGEC\marioGEC\GameScreenLevel1.cpp(336,22): warning C4244: '=': conversion from 'int' to 'float', possible loss of data
C:\Users\b019105l\Documents\GitHub\mario\marioGEC\marioGEC\GameScreenLevel1.cpp(342,22): warning C4244: '=': conversion from 'int' to 'float', possible loss of data
  marioGEC.vcxproj -> C:\Users\b019105l\Documents\GitHub\mario\marioGEC\Debug\marioGEC.exe
